Started GET "/" for 127.0.0.1 at 2018-02-03 23:29:18 +0100
Processing by HomeController#index as HTML
  Rendering home/index.html.erb within layouts/application
  Rendered home/index.html.erb within layouts/application (12609.8ms)
  Rendered layouts/_navigation.html.erb (0.7ms)
  Rendered layouts/_footer.html.erb (0.5ms)
Completed 200 OK in 13130ms (Views: 12912.2ms)


Started GET "/" for 127.0.0.1 at 2018-02-03 23:29:52 +0100
Processing by HomeController#index as HTML
  Rendering home/index.html.erb within layouts/application
  Rendered home/index.html.erb within layouts/application (22.6ms)
  Rendered layouts/_navigation.html.erb (0.5ms)
  Rendered layouts/_footer.html.erb (0.8ms)
Completed 200 OK in 128ms (Views: 123.5ms)


Started GET "/" for 127.0.0.1 at 2018-02-03 23:38:28 +0100
Processing by HomeController#index as HTML
  Rendering home/index.html.erb within layouts/application
  Rendered home/index.html.erb within layouts/application (495.7ms)
  Rendered layouts/_navigation.html.erb (0.7ms)
  Rendered layouts/_footer.html.erb (0.7ms)
Completed 200 OK in 1026ms (Views: 710.8ms)


Started GET "/" for 127.0.0.1 at 2018-02-03 23:38:49 +0100
Processing by HomeController#index as HTML
  Rendering home/index.html.erb within layouts/application
  Rendered home/index.html.erb within layouts/application (25.1ms)
  Rendered layouts/_navigation.html.erb (0.4ms)
  Rendered layouts/_footer.html.erb (0.7ms)
Completed 200 OK in 122ms (Views: 118.1ms)


Started GET "/" for 127.0.0.1 at 2018-02-03 23:53:11 +0100
Processing by HomeController#index as HTML
  Rendering home/index.html.erb within layouts/application
  Rendered home/index.html.erb within layouts/application (272.5ms)
  Rendered layouts/_navigation.html.erb (0.5ms)
  Rendered layouts/_footer.html.erb (0.9ms)
Completed 200 OK in 496ms (Views: 464.5ms)


Started GET "/" for 127.0.0.1 at 2018-02-03 23:53:14 +0100
Processing by HomeController#index as HTML
  Rendering home/index.html.erb within layouts/application
  Rendered home/index.html.erb within layouts/application (31.1ms)
  Rendered layouts/_navigation.html.erb (0.5ms)
  Rendered layouts/_footer.html.erb (0.5ms)
Completed 200 OK in 156ms (Views: 151.9ms)


Started GET "/" for 127.0.0.1 at 2018-02-03 23:53:15 +0100
Processing by HomeController#index as HTML
  Rendering home/index.html.erb within layouts/application
  Rendered home/index.html.erb within layouts/application (21.7ms)
  Rendered layouts/_navigation.html.erb (0.4ms)
  Rendered layouts/_footer.html.erb (0.6ms)
Completed 200 OK in 124ms (Views: 121.1ms)


Started GET "/" for 127.0.0.1 at 2018-02-03 23:53:28 +0100
Processing by HomeController#index as HTML
  Rendering home/index.html.erb within layouts/application
  Rendered home/index.html.erb within layouts/application (16.5ms)
  Rendered layouts/_navigation.html.erb (0.5ms)
  Rendered layouts/_footer.html.erb (0.5ms)
Completed 200 OK in 98ms (Views: 93.9ms)


Started GET "/" for 127.0.0.1 at 2018-02-03 23:53:53 +0100
Processing by HomeController#index as HTML
  Rendering home/index.html.erb within layouts/application
  Rendered home/index.html.erb within layouts/application (20.0ms)
  Rendered layouts/_navigation.html.erb (0.5ms)
  Rendered layouts/_footer.html.erb (0.4ms)
Completed 200 OK in 98ms (Views: 94.4ms)


Started GET "/" for 127.0.0.1 at 2018-02-03 23:54:12 +0100
Processing by HomeController#index as HTML
  Rendering home/index.html.erb within layouts/application
  Rendered home/index.html.erb within layouts/application (39.7ms)
  Rendered layouts/_navigation.html.erb (1.0ms)
  Rendered layouts/_footer.html.erb (1.3ms)
Completed 200 OK in 261ms (Views: 256.3ms)


Started GET "/" for 127.0.0.1 at 2018-02-03 23:55:05 +0100
Processing by HomeController#index as HTML
  Rendering home/index.html.erb within layouts/application
  Rendered home/index.html.erb within layouts/application (28.9ms)
  Rendered layouts/_navigation.html.erb (0.4ms)
  Rendered layouts/_footer.html.erb (0.6ms)
Completed 200 OK in 142ms (Views: 138.1ms)


Started GET "/" for 127.0.0.1 at 2018-02-03 23:55:47 +0100
Processing by HomeController#index as HTML
  Rendering home/index.html.erb within layouts/application
  Rendered home/index.html.erb within layouts/application (28.8ms)
  Rendered layouts/_navigation.html.erb (0.4ms)
  Rendered layouts/_footer.html.erb (0.6ms)
Completed 200 OK in 140ms (Views: 135.6ms)


Started GET "/" for 127.0.0.1 at 2018-02-03 23:56:11 +0100
Processing by HomeController#index as HTML
  Rendering home/index.html.erb within layouts/application
  Rendered home/index.html.erb within layouts/application (24.9ms)
  Rendered layouts/_navigation.html.erb (0.4ms)
  Rendered layouts/_footer.html.erb (0.8ms)
Completed 200 OK in 129ms (Views: 123.4ms)


Started GET "/" for 127.0.0.1 at 2018-02-03 23:56:31 +0100
Processing by HomeController#index as HTML
  Rendering home/index.html.erb within layouts/application
  Rendered home/index.html.erb within layouts/application (18.8ms)
  Rendered layouts/_navigation.html.erb (0.4ms)
  Rendered layouts/_footer.html.erb (0.4ms)
Completed 200 OK in 122ms (Views: 116.8ms)


Started GET "/" for 127.0.0.1 at 2018-02-03 23:56:40 +0100
Processing by HomeController#index as HTML
  Rendering home/index.html.erb within layouts/application
  Rendered home/index.html.erb within layouts/application (20.7ms)
  Rendered layouts/_navigation.html.erb (0.3ms)
  Rendered layouts/_footer.html.erb (0.5ms)
Completed 200 OK in 112ms (Views: 108.9ms)


Started GET "/" for 127.0.0.1 at 2018-02-03 23:59:38 +0100
Processing by HomeController#index as HTML
  Rendering home/index.html.erb within layouts/application
  Rendered home/index.html.erb within layouts/application (27.6ms)
  Rendered layouts/_navigation.html.erb (0.4ms)
  Rendered layouts/_footer.html.erb (0.7ms)
Completed 200 OK in 149ms (Views: 144.2ms)


Started GET "/" for 127.0.0.1 at 2018-02-04 00:00:28 +0100
Processing by HomeController#index as HTML
  Rendering home/index.html.erb within layouts/application
  Rendered home/index.html.erb within layouts/application (23.9ms)
  Rendered layouts/_navigation.html.erb (0.6ms)
  Rendered layouts/_footer.html.erb (0.5ms)
Completed 200 OK in 129ms (Views: 124.2ms)


Started GET "/" for 127.0.0.1 at 2018-02-04 00:01:17 +0100
Processing by HomeController#index as HTML
  Rendering home/index.html.erb within layouts/application
  Rendered home/index.html.erb within layouts/application (41.8ms)
  Rendered layouts/_navigation.html.erb (0.8ms)
  Rendered layouts/_footer.html.erb (0.6ms)
Completed 200 OK in 171ms (Views: 166.1ms)


Started GET "/" for 127.0.0.1 at 2018-02-04 00:01:41 +0100
Processing by HomeController#index as HTML
  Rendering home/index.html.erb within layouts/application
  Rendered home/index.html.erb within layouts/application (33.0ms)
  Rendered layouts/_navigation.html.erb (0.5ms)
  Rendered layouts/_footer.html.erb (1.0ms)
Completed 200 OK in 148ms (Views: 142.4ms)


Started GET "/" for 127.0.0.1 at 2018-02-04 00:01:51 +0100
Processing by HomeController#index as HTML
  Rendering home/index.html.erb within layouts/application
  Rendered home/index.html.erb within layouts/application (20.4ms)
  Rendered layouts/_navigation.html.erb (0.5ms)
  Rendered layouts/_footer.html.erb (0.4ms)
Completed 200 OK in 121ms (Views: 117.3ms)


Started GET "/" for 127.0.0.1 at 2018-02-04 00:07:52 +0100
Processing by HomeController#index as HTML
  Rendering home/index.html.erb within layouts/application
  Rendered home/index.html.erb within layouts/application (75.1ms)
  Rendered layouts/_navigation.html.erb (3.5ms)
  Rendered layouts/_footer.html.erb (4.5ms)
Completed 200 OK in 272ms (Views: 261.2ms)


Started GET "/" for 127.0.0.1 at 2018-02-04 00:08:22 +0100
Processing by HomeController#index as HTML
  Rendering home/index.html.erb within layouts/application
  Rendered home/index.html.erb within layouts/application (29.0ms)
  Rendered layouts/_navigation.html.erb (0.6ms)
  Rendered layouts/_footer.html.erb (1.9ms)
Completed 200 OK in 146ms (Views: 141.4ms)


Started GET "/" for 127.0.0.1 at 2018-02-04 00:09:21 +0100
Processing by HomeController#index as HTML
  Rendering home/index.html.erb within layouts/application
  Rendered home/index.html.erb within layouts/application (19.4ms)
  Rendered layouts/_navigation.html.erb (0.5ms)
  Rendered layouts/_footer.html.erb (0.6ms)
Completed 200 OK in 125ms (Views: 118.4ms)


Started GET "/" for 127.0.0.1 at 2018-02-04 00:10:16 +0100
Processing by HomeController#index as HTML
  Rendering home/index.html.erb within layouts/application
  Rendered home/index.html.erb within layouts/application (20.7ms)
  Rendered layouts/_navigation.html.erb (0.4ms)
  Rendered layouts/_footer.html.erb (1.6ms)
Completed 200 OK in 121ms (Views: 116.9ms)


Started GET "/" for 127.0.0.1 at 2018-02-04 00:10:48 +0100
Processing by HomeController#index as HTML
  Rendering home/index.html.erb within layouts/application
  Rendered home/index.html.erb within layouts/application (25.2ms)
  Rendered layouts/_navigation.html.erb (0.6ms)
  Rendered layouts/_footer.html.erb (0.5ms)
Completed 200 OK in 134ms (Views: 129.6ms)


Started GET "/" for 127.0.0.1 at 2018-02-04 00:12:42 +0100
Processing by HomeController#index as HTML
  Rendering home/index.html.erb within layouts/application
  Rendered home/index.html.erb within layouts/application (21.8ms)
  Rendered layouts/_navigation.html.erb (1.8ms)
  Rendered layouts/_footer.html.erb (0.5ms)
Completed 200 OK in 124ms (Views: 119.8ms)


Started GET "/" for 127.0.0.1 at 2018-02-04 00:13:03 +0100
Processing by HomeController#index as HTML
  Rendering home/index.html.erb within layouts/application
  Rendered home/index.html.erb within layouts/application (34.6ms)
  Rendered layouts/_navigation.html.erb (0.9ms)
  Rendered layouts/_footer.html.erb (0.7ms)
Completed 200 OK in 147ms (Views: 143.5ms)


Started GET "/" for 127.0.0.1 at 2018-02-04 00:15:39 +0100
Processing by HomeController#index as HTML
  Rendering home/index.html.erb within layouts/application
  Rendered home/index.html.erb within layouts/application (23.9ms)
  Rendered layouts/_navigation.html.erb (0.7ms)
  Rendered layouts/_footer.html.erb (0.4ms)
Completed 200 OK in 135ms (Views: 131.2ms)


Started GET "/" for 127.0.0.1 at 2018-02-04 00:18:18 +0100
Processing by HomeController#index as HTML
  Rendering home/index.html.erb within layouts/application
  Rendered home/index.html.erb within layouts/application (21.5ms)
  Rendered layouts/_navigation.html.erb (0.7ms)
  Rendered layouts/_footer.html.erb (0.4ms)
Completed 200 OK in 116ms (Views: 112.1ms)


Started GET "/" for 127.0.0.1 at 2018-02-04 00:21:22 +0100
Processing by HomeController#index as HTML
  Rendering home/index.html.erb within layouts/application
  Rendered home/index.html.erb within layouts/application (25.8ms)
  Rendered layouts/_navigation.html.erb (0.4ms)
  Rendered layouts/_footer.html.erb (0.7ms)
Completed 200 OK in 139ms (Views: 134.6ms)


Started GET "/" for 127.0.0.1 at 2018-02-04 00:21:49 +0100
Processing by HomeController#index as HTML
  Rendering home/index.html.erb within layouts/application
  Rendered home/index.html.erb within layouts/application (19.9ms)
  Rendered layouts/_navigation.html.erb (0.5ms)
  Rendered layouts/_footer.html.erb (0.3ms)
Completed 200 OK in 115ms (Views: 110.1ms)


Started GET "/" for 127.0.0.1 at 2018-02-04 00:22:49 +0100
Processing by HomeController#index as HTML
  Rendering home/index.html.erb within layouts/application
  Rendered home/index.html.erb within layouts/application (25.0ms)
  Rendered layouts/_navigation.html.erb (0.5ms)
  Rendered layouts/_footer.html.erb (0.7ms)
Completed 200 OK in 139ms (Views: 136.2ms)


Started GET "/" for 127.0.0.1 at 2018-02-04 00:24:31 +0100
Processing by HomeController#index as HTML
  Rendering home/index.html.erb within layouts/application
  Rendered home/index.html.erb within layouts/application (25.5ms)
  Rendered layouts/_navigation.html.erb (0.5ms)
  Rendered layouts/_footer.html.erb (0.6ms)
Completed 200 OK in 124ms (Views: 119.5ms)


Started GET "/" for 127.0.0.1 at 2018-02-04 00:26:15 +0100
Processing by HomeController#index as HTML
  Rendering home/index.html.erb within layouts/application
  Rendered home/index.html.erb within layouts/application (34.2ms)
  Rendered layouts/_navigation.html.erb (0.8ms)
  Rendered layouts/_footer.html.erb (1.3ms)
Completed 200 OK in 136ms (Views: 131.4ms)


Started GET "/" for 127.0.0.1 at 2018-02-04 00:29:49 +0100
Processing by HomeController#index as HTML
  Rendering home/index.html.erb within layouts/application
  Rendered home/index.html.erb within layouts/application (83.9ms)
  Rendered layouts/_navigation.html.erb (5.0ms)
  Rendered layouts/_footer.html.erb (2.9ms)
Completed 200 OK in 268ms (Views: 254.9ms)


Started GET "/img/portfolio/img4.jpg" for 127.0.0.1 at 2018-02-04 00:30:48 +0100
  
ActionController::RoutingError (No route matches [GET] "/img/portfolio/img4.jpg"):
  
actionpack (5.1.4) lib/action_dispatch/middleware/debug_exceptions.rb:63:in `call'
web-console (3.5.1) lib/web_console/middleware.rb:135:in `call_app'
web-console (3.5.1) lib/web_console/middleware.rb:28:in `block in call'
web-console (3.5.1) lib/web_console/middleware.rb:18:in `catch'
web-console (3.5.1) lib/web_console/middleware.rb:18:in `call'
actionpack (5.1.4) lib/action_dispatch/middleware/show_exceptions.rb:31:in `call'
railties (5.1.4) lib/rails/rack/logger.rb:36:in `call_app'
railties (5.1.4) lib/rails/rack/logger.rb:24:in `block in call'
activesupport (5.1.4) lib/active_support/tagged_logging.rb:69:in `block in tagged'
activesupport (5.1.4) lib/active_support/tagged_logging.rb:26:in `tagged'
activesupport (5.1.4) lib/active_support/tagged_logging.rb:69:in `tagged'
railties (5.1.4) lib/rails/rack/logger.rb:24:in `call'
sprockets-rails (3.2.1) lib/sprockets/rails/quiet_assets.rb:13:in `call'
actionpack (5.1.4) lib/action_dispatch/middleware/remote_ip.rb:79:in `call'
actionpack (5.1.4) lib/action_dispatch/middleware/request_id.rb:25:in `call'
rack (2.0.3) lib/rack/method_override.rb:22:in `call'
rack (2.0.3) lib/rack/runtime.rb:22:in `call'
activesupport (5.1.4) lib/active_support/cache/strategy/local_cache_middleware.rb:27:in `call'
actionpack (5.1.4) lib/action_dispatch/middleware/executor.rb:12:in `call'
actionpack (5.1.4) lib/action_dispatch/middleware/static.rb:125:in `call'
rack (2.0.3) lib/rack/sendfile.rb:111:in `call'
railties (5.1.4) lib/rails/engine.rb:522:in `call'
puma (3.11.0) lib/puma/configuration.rb:225:in `call'
puma (3.11.0) lib/puma/server.rb:624:in `handle_request'
puma (3.11.0) lib/puma/server.rb:438:in `process_client'
puma (3.11.0) lib/puma/server.rb:302:in `block in run'
puma (3.11.0) lib/puma/thread_pool.rb:120:in `block in spawn_thread'
Started GET "/" for 127.0.0.1 at 2018-02-04 00:31:00 +0100
Processing by HomeController#index as HTML
  Rendering home/index.html.erb within layouts/application
  Rendered home/index.html.erb within layouts/application (25.7ms)
  Rendered layouts/_navigation.html.erb (0.6ms)
  Rendered layouts/_footer.html.erb (0.5ms)
Completed 200 OK in 130ms (Views: 125.1ms)


Started GET "/" for 127.0.0.1 at 2018-02-04 00:31:20 +0100
Processing by HomeController#index as HTML
  Rendering home/index.html.erb within layouts/application
  Rendered home/index.html.erb within layouts/application (24.4ms)
  Rendered layouts/_navigation.html.erb (0.5ms)
  Rendered layouts/_footer.html.erb (0.5ms)
Completed 200 OK in 132ms (Views: 128.5ms)


Started GET "/" for 127.0.0.1 at 2018-02-04 00:34:35 +0100
Processing by HomeController#index as HTML
  Rendering home/index.html.erb within layouts/application
  Rendered home/index.html.erb within layouts/application (23.4ms)
  Rendered layouts/_navigation.html.erb (0.6ms)
  Rendered layouts/_footer.html.erb (0.6ms)
Completed 200 OK in 110ms (Views: 107.2ms)


Started GET "/" for 127.0.0.1 at 2018-02-11 18:34:59 +0100
Processing by HomeController#index as HTML
  Rendering home/index.html.erb within layouts/application
  Rendered home/index.html.erb within layouts/application (10944.0ms)
  Rendered layouts/_navigation.html.erb (0.7ms)
  Rendered layouts/_footer.html.erb (0.6ms)
Completed 200 OK in 11748ms (Views: 11282.7ms)


Started GET "/" for 127.0.0.1 at 2018-02-12 15:02:01 +0100
Processing by HomeController#index as HTML
  Rendering home/index.html.erb within layouts/application
  Rendered home/index.html.erb within layouts/application (439.3ms)
  Rendered layouts/_navigation.html.erb (0.7ms)
  Rendered layouts/_footer.html.erb (1.5ms)
Completed 200 OK in 859ms (Views: 626.3ms)


Started GET "/" for 127.0.0.1 at 2018-02-12 15:05:38 +0100
Processing by HomeController#index as HTML
  Rendering home/index.html.erb within layouts/application
  Rendered home/index.html.erb within layouts/application (47.5ms)
  Rendered layouts/_navigation.html.erb (1.0ms)
  Rendered layouts/_footer.html.erb (0.8ms)
Completed 200 OK in 199ms (Views: 186.2ms)


Started GET "/img/portfolio/img2.jpg" for 127.0.0.1 at 2018-02-12 15:06:01 +0100
  
ActionController::RoutingError (No route matches [GET] "/img/portfolio/img2.jpg"):
  
actionpack (5.1.4) lib/action_dispatch/middleware/debug_exceptions.rb:63:in `call'
web-console (3.5.1) lib/web_console/middleware.rb:135:in `call_app'
web-console (3.5.1) lib/web_console/middleware.rb:28:in `block in call'
web-console (3.5.1) lib/web_console/middleware.rb:18:in `catch'
web-console (3.5.1) lib/web_console/middleware.rb:18:in `call'
actionpack (5.1.4) lib/action_dispatch/middleware/show_exceptions.rb:31:in `call'
railties (5.1.4) lib/rails/rack/logger.rb:36:in `call_app'
railties (5.1.4) lib/rails/rack/logger.rb:24:in `block in call'
activesupport (5.1.4) lib/active_support/tagged_logging.rb:69:in `block in tagged'
activesupport (5.1.4) lib/active_support/tagged_logging.rb:26:in `tagged'
activesupport (5.1.4) lib/active_support/tagged_logging.rb:69:in `tagged'
railties (5.1.4) lib/rails/rack/logger.rb:24:in `call'
sprockets-rails (3.2.1) lib/sprockets/rails/quiet_assets.rb:13:in `call'
actionpack (5.1.4) lib/action_dispatch/middleware/remote_ip.rb:79:in `call'
actionpack (5.1.4) lib/action_dispatch/middleware/request_id.rb:25:in `call'
rack (2.0.3) lib/rack/method_override.rb:22:in `call'
rack (2.0.3) lib/rack/runtime.rb:22:in `call'
activesupport (5.1.4) lib/active_support/cache/strategy/local_cache_middleware.rb:27:in `call'
actionpack (5.1.4) lib/action_dispatch/middleware/executor.rb:12:in `call'
actionpack (5.1.4) lib/action_dispatch/middleware/static.rb:125:in `call'
rack (2.0.3) lib/rack/sendfile.rb:111:in `call'
railties (5.1.4) lib/rails/engine.rb:522:in `call'
puma (3.11.0) lib/puma/configuration.rb:225:in `call'
puma (3.11.0) lib/puma/server.rb:624:in `handle_request'
puma (3.11.0) lib/puma/server.rb:438:in `process_client'
puma (3.11.0) lib/puma/server.rb:302:in `block in run'
puma (3.11.0) lib/puma/thread_pool.rb:120:in `block in spawn_thread'
Started GET "/portfolio/img1.jpg" for 127.0.0.1 at 2018-02-12 15:06:16 +0100
  
ActionController::RoutingError (No route matches [GET] "/portfolio/img1.jpg"):
  
actionpack (5.1.4) lib/action_dispatch/middleware/debug_exceptions.rb:63:in `call'
web-console (3.5.1) lib/web_console/middleware.rb:135:in `call_app'
web-console (3.5.1) lib/web_console/middleware.rb:28:in `block in call'
web-console (3.5.1) lib/web_console/middleware.rb:18:in `catch'
web-console (3.5.1) lib/web_console/middleware.rb:18:in `call'
actionpack (5.1.4) lib/action_dispatch/middleware/show_exceptions.rb:31:in `call'
railties (5.1.4) lib/rails/rack/logger.rb:36:in `call_app'
railties (5.1.4) lib/rails/rack/logger.rb:24:in `block in call'
activesupport (5.1.4) lib/active_support/tagged_logging.rb:69:in `block in tagged'
activesupport (5.1.4) lib/active_support/tagged_logging.rb:26:in `tagged'
activesupport (5.1.4) lib/active_support/tagged_logging.rb:69:in `tagged'
railties (5.1.4) lib/rails/rack/logger.rb:24:in `call'
sprockets-rails (3.2.1) lib/sprockets/rails/quiet_assets.rb:13:in `call'
actionpack (5.1.4) lib/action_dispatch/middleware/remote_ip.rb:79:in `call'
actionpack (5.1.4) lib/action_dispatch/middleware/request_id.rb:25:in `call'
rack (2.0.3) lib/rack/method_override.rb:22:in `call'
rack (2.0.3) lib/rack/runtime.rb:22:in `call'
activesupport (5.1.4) lib/active_support/cache/strategy/local_cache_middleware.rb:27:in `call'
actionpack (5.1.4) lib/action_dispatch/middleware/executor.rb:12:in `call'
actionpack (5.1.4) lib/action_dispatch/middleware/static.rb:125:in `call'
rack (2.0.3) lib/rack/sendfile.rb:111:in `call'
railties (5.1.4) lib/rails/engine.rb:522:in `call'
puma (3.11.0) lib/puma/configuration.rb:225:in `call'
puma (3.11.0) lib/puma/server.rb:624:in `handle_request'
puma (3.11.0) lib/puma/server.rb:438:in `process_client'
puma (3.11.0) lib/puma/server.rb:302:in `block in run'
puma (3.11.0) lib/puma/thread_pool.rb:120:in `block in spawn_thread'
Started GET "/?name=mayo&name=mayeul.chelou%40gmail.com" for 127.0.0.1 at 2018-02-12 15:07:04 +0100
Processing by HomeController#index as HTML
  Parameters: {"name"=>"mayeul.chelou@gmail.com"}
  Rendering home/index.html.erb within layouts/application
  Rendered home/index.html.erb within layouts/application (31.6ms)
  Rendered layouts/_navigation.html.erb (0.7ms)
  Rendered layouts/_footer.html.erb (0.6ms)
Completed 200 OK in 152ms (Views: 148.3ms)


Started GET "/" for 127.0.0.1 at 2018-02-14 13:29:18 +0100
Processing by HomeController#index as HTML
  Rendering home/index.html.erb within layouts/application
  Rendered home/index.html.erb within layouts/application (495.7ms)
  Rendered layouts/_navigation.html.erb (0.6ms)
  Rendered layouts/_footer.html.erb (0.6ms)
Completed 200 OK in 984ms (Views: 738.4ms)


Started GET "/" for 127.0.0.1 at 2018-02-14 13:29:52 +0100
Processing by HomeController#index as HTML
  Rendering home/index.html.erb within layouts/application
  Rendered home/index.html.erb within layouts/application (28.7ms)
  Rendered layouts/_navigation.html.erb (0.4ms)
  Rendered layouts/_footer.html.erb (0.4ms)
Completed 200 OK in 126ms (Views: 121.9ms)


Started GET "/" for 127.0.0.1 at 2018-02-14 13:30:55 +0100
Processing by HomeController#index as HTML
  Rendering home/index.html.erb within layouts/application
  Rendered home/index.html.erb within layouts/application (23.1ms)
  Rendered layouts/_navigation.html.erb (0.4ms)
  Rendered layouts/_footer.html.erb (0.4ms)
Completed 200 OK in 111ms (Views: 107.5ms)


Started GET "/" for 127.0.0.1 at 2018-02-14 13:31:17 +0100
Processing by HomeController#index as HTML
  Rendering home/index.html.erb within layouts/application
  Rendered home/index.html.erb within layouts/application (23.7ms)
  Rendered layouts/_navigation.html.erb (0.4ms)
  Rendered layouts/_footer.html.erb (0.5ms)
Completed 200 OK in 113ms (Views: 109.7ms)


Started GET "/" for 127.0.0.1 at 2018-02-14 13:31:34 +0100
Processing by HomeController#index as HTML
  Rendering home/index.html.erb within layouts/application
  Rendered home/index.html.erb within layouts/application (28.6ms)
  Rendered layouts/_navigation.html.erb (0.6ms)
  Rendered layouts/_footer.html.erb (0.7ms)
Completed 200 OK in 143ms (Views: 137.1ms)


Started GET "/" for 127.0.0.1 at 2018-02-14 13:31:54 +0100
Processing by HomeController#index as HTML
  Rendering home/index.html.erb within layouts/application
  Rendered home/index.html.erb within layouts/application (462.8ms)
  Rendered layouts/_navigation.html.erb (1.3ms)
  Rendered layouts/_footer.html.erb (1.4ms)
Completed 200 OK in 929ms (Views: 701.2ms)


Started GET "/" for 127.0.0.1 at 2018-02-14 13:32:59 +0100
Processing by HomeController#index as HTML
  Rendering home/index.html.erb within layouts/application
  Rendered home/index.html.erb within layouts/application (100.4ms)
  Rendered layouts/_navigation.html.erb (0.5ms)
  Rendered layouts/_footer.html.erb (0.5ms)
Completed 200 OK in 237ms (Views: 226.9ms)


Started GET "/" for 127.0.0.1 at 2018-02-14 13:33:18 +0100
Processing by HomeController#index as HTML
  Rendering home/index.html.erb within layouts/application
  Rendered home/index.html.erb within layouts/application (462.5ms)
  Rendered layouts/_navigation.html.erb (0.6ms)
  Rendered layouts/_footer.html.erb (0.5ms)
Completed 200 OK in 919ms (Views: 673.6ms)


Started GET "/" for 127.0.0.1 at 2018-02-14 13:33:44 +0100
Processing by HomeController#index as HTML
  Rendering home/index.html.erb within layouts/application
  Rendered home/index.html.erb within layouts/application (427.1ms)
  Rendered layouts/_navigation.html.erb (1.9ms)
  Rendered layouts/_footer.html.erb (1.5ms)
Completed 200 OK in 859ms (Views: 659.3ms)


Started GET "/" for 127.0.0.1 at 2018-02-14 13:35:40 +0100
Processing by HomeController#index as HTML
  Rendering home/index.html.erb within layouts/application
  Rendered home/index.html.erb within layouts/application (29.8ms)
  Rendered layouts/_navigation.html.erb (0.4ms)
  Rendered layouts/_footer.html.erb (0.4ms)
Completed 200 OK in 116ms (Views: 112.8ms)


Started GET "/" for 127.0.0.1 at 2018-02-14 13:39:40 +0100
Processing by HomeController#index as HTML
  Rendering home/index.html.erb within layouts/application
  Rendered home/index.html.erb within layouts/application (409.4ms)
  Rendered layouts/_navigation.html.erb (1.4ms)
  Rendered layouts/_footer.html.erb (1.4ms)
Completed 200 OK in 829ms (Views: 631.1ms)


Started GET "/" for 127.0.0.1 at 2018-02-14 13:41:01 +0100
Processing by HomeController#index as HTML
  Rendering home/index.html.erb within layouts/application
  Rendered home/index.html.erb within layouts/application (32.6ms)
  Rendered layouts/_navigation.html.erb (0.6ms)
  Rendered layouts/_footer.html.erb (0.7ms)
Completed 200 OK in 129ms (Views: 124.1ms)


Started GET "/" for 127.0.0.1 at 2018-02-14 13:41:24 +0100
Processing by HomeController#index as HTML
  Rendering home/index.html.erb within layouts/application
  Rendered home/index.html.erb within layouts/application (17.5ms)
  Rendered layouts/_navigation.html.erb (0.4ms)
  Rendered layouts/_footer.html.erb (0.3ms)
Completed 200 OK in 101ms (Views: 98.0ms)


Started GET "/" for 127.0.0.1 at 2018-02-14 13:41:35 +0100
Processing by HomeController#index as HTML
  Rendering home/index.html.erb within layouts/application
  Rendered home/index.html.erb within layouts/application (19.6ms)
  Rendered layouts/_navigation.html.erb (0.4ms)
  Rendered layouts/_footer.html.erb (0.3ms)
Completed 200 OK in 114ms (Views: 109.7ms)


Started GET "/" for 127.0.0.1 at 2018-02-14 13:44:19 +0100
Processing by HomeController#index as HTML
  Rendering home/index.html.erb within layouts/application
  Rendered home/index.html.erb within layouts/application (15.8ms)
  Rendered layouts/_navigation.html.erb (0.6ms)
  Rendered layouts/_footer.html.erb (0.4ms)
Completed 200 OK in 95ms (Views: 92.5ms)


Started GET "/" for 127.0.0.1 at 2018-02-14 13:44:32 +0100
Processing by HomeController#index as HTML
  Rendering home/index.html.erb within layouts/application
  Rendered home/index.html.erb within layouts/application (411.4ms)
  Rendered layouts/_navigation.html.erb (0.6ms)
  Rendered layouts/_footer.html.erb (0.6ms)
Completed 200 OK in 816ms (Views: 630.9ms)


Started GET "/" for 127.0.0.1 at 2018-02-14 13:46:06 +0100
Processing by HomeController#index as HTML
  Rendering home/index.html.erb within layouts/application
  Rendered home/index.html.erb within layouts/application (955.6ms)
  Rendered layouts/_navigation.html.erb (1.6ms)
  Rendered layouts/_footer.html.erb (1.4ms)
Completed 200 OK in 1953ms (Views: 1402.3ms)


Started GET "/" for 127.0.0.1 at 2018-02-14 14:18:48 +0100
Processing by HomeController#index as HTML
  Rendering home/index.html.erb within layouts/application
  Rendered home/index.html.erb within layouts/application (110.4ms)
  Rendered layouts/_navigation.html.erb (0.9ms)
  Rendered layouts/_footer.html.erb (0.5ms)
Completed 200 OK in 328ms (Views: 309.1ms)


Started GET "/" for 127.0.0.1 at 2018-02-14 14:18:50 +0100
Processing by HomeController#index as HTML
  Rendering home/index.html.erb within layouts/application
  Rendered home/index.html.erb within layouts/application (41.7ms)
  Rendered layouts/_navigation.html.erb (0.9ms)
  Rendered layouts/_footer.html.erb (0.8ms)
Completed 200 OK in 301ms (Views: 296.1ms)


Started GET "/" for 127.0.0.1 at 2018-02-14 14:21:47 +0100
Processing by HomeController#index as HTML
  Rendering home/index.html.erb within layouts/application
  Rendered home/index.html.erb within layouts/application (158.3ms)
  Rendered layouts/_navigation.html.erb (2.3ms)
  Rendered layouts/_footer.html.erb (2.5ms)
Completed 200 OK in 371ms (Views: 358.9ms)


Started GET "/" for 127.0.0.1 at 2018-02-14 14:34:12 +0100
Processing by HomeController#index as HTML
  Rendering home/index.html.erb within layouts/application
  Rendered home/index.html.erb within layouts/application (37.4ms)
  Rendered layouts/_navigation.html.erb (0.7ms)
  Rendered layouts/_footer.html.erb (0.5ms)
Completed 200 OK in 169ms (Views: 165.6ms)


Started GET "/single-post.html" for 127.0.0.1 at 2018-02-14 14:34:55 +0100
  
ActionController::RoutingError (No route matches [GET] "/single-post.html"):
  
actionpack (5.1.4) lib/action_dispatch/middleware/debug_exceptions.rb:63:in `call'
web-console (3.5.1) lib/web_console/middleware.rb:135:in `call_app'
web-console (3.5.1) lib/web_console/middleware.rb:28:in `block in call'
web-console (3.5.1) lib/web_console/middleware.rb:18:in `catch'
web-console (3.5.1) lib/web_console/middleware.rb:18:in `call'
actionpack (5.1.4) lib/action_dispatch/middleware/show_exceptions.rb:31:in `call'
railties (5.1.4) lib/rails/rack/logger.rb:36:in `call_app'
railties (5.1.4) lib/rails/rack/logger.rb:24:in `block in call'
activesupport (5.1.4) lib/active_support/tagged_logging.rb:69:in `block in tagged'
activesupport (5.1.4) lib/active_support/tagged_logging.rb:26:in `tagged'
activesupport (5.1.4) lib/active_support/tagged_logging.rb:69:in `tagged'
railties (5.1.4) lib/rails/rack/logger.rb:24:in `call'
sprockets-rails (3.2.1) lib/sprockets/rails/quiet_assets.rb:13:in `call'
actionpack (5.1.4) lib/action_dispatch/middleware/remote_ip.rb:79:in `call'
actionpack (5.1.4) lib/action_dispatch/middleware/request_id.rb:25:in `call'
rack (2.0.3) lib/rack/method_override.rb:22:in `call'
rack (2.0.3) lib/rack/runtime.rb:22:in `call'
activesupport (5.1.4) lib/active_support/cache/strategy/local_cache_middleware.rb:27:in `call'
actionpack (5.1.4) lib/action_dispatch/middleware/executor.rb:12:in `call'
actionpack (5.1.4) lib/action_dispatch/middleware/static.rb:125:in `call'
rack (2.0.3) lib/rack/sendfile.rb:111:in `call'
railties (5.1.4) lib/rails/engine.rb:522:in `call'
puma (3.11.0) lib/puma/configuration.rb:225:in `call'
puma (3.11.0) lib/puma/server.rb:624:in `handle_request'
puma (3.11.0) lib/puma/server.rb:438:in `process_client'
puma (3.11.0) lib/puma/server.rb:302:in `block in run'
puma (3.11.0) lib/puma/thread_pool.rb:120:in `block in spawn_thread'
Started GET "/" for 127.0.0.1 at 2018-02-14 14:39:43 +0100
Processing by HomeController#index as HTML
  Rendering home/index.html.erb within layouts/application
  Rendered home/index.html.erb within layouts/application (36.8ms)
  Rendered layouts/_navigation.html.erb (1.0ms)
  Rendered layouts/_footer.html.erb (0.6ms)
Completed 200 OK in 166ms (Views: 161.6ms)


Started GET "/" for 127.0.0.1 at 2018-02-14 14:40:33 +0100
Processing by HomeController#index as HTML
  Rendering home/index.html.erb within layouts/application
  Rendered home/index.html.erb within layouts/application (30.3ms)
  Rendered layouts/_navigation.html.erb (0.5ms)
  Rendered layouts/_footer.html.erb (0.6ms)
Completed 200 OK in 143ms (Views: 140.3ms)


Started GET "/single-post.html" for 127.0.0.1 at 2018-02-14 14:40:46 +0100
  
ActionController::RoutingError (No route matches [GET] "/single-post.html"):
  
actionpack (5.1.4) lib/action_dispatch/middleware/debug_exceptions.rb:63:in `call'
web-console (3.5.1) lib/web_console/middleware.rb:135:in `call_app'
web-console (3.5.1) lib/web_console/middleware.rb:28:in `block in call'
web-console (3.5.1) lib/web_console/middleware.rb:18:in `catch'
web-console (3.5.1) lib/web_console/middleware.rb:18:in `call'
actionpack (5.1.4) lib/action_dispatch/middleware/show_exceptions.rb:31:in `call'
railties (5.1.4) lib/rails/rack/logger.rb:36:in `call_app'
railties (5.1.4) lib/rails/rack/logger.rb:24:in `block in call'
activesupport (5.1.4) lib/active_support/tagged_logging.rb:69:in `block in tagged'
activesupport (5.1.4) lib/active_support/tagged_logging.rb:26:in `tagged'
activesupport (5.1.4) lib/active_support/tagged_logging.rb:69:in `tagged'
railties (5.1.4) lib/rails/rack/logger.rb:24:in `call'
sprockets-rails (3.2.1) lib/sprockets/rails/quiet_assets.rb:13:in `call'
actionpack (5.1.4) lib/action_dispatch/middleware/remote_ip.rb:79:in `call'
actionpack (5.1.4) lib/action_dispatch/middleware/request_id.rb:25:in `call'
rack (2.0.3) lib/rack/method_override.rb:22:in `call'
rack (2.0.3) lib/rack/runtime.rb:22:in `call'
activesupport (5.1.4) lib/active_support/cache/strategy/local_cache_middleware.rb:27:in `call'
actionpack (5.1.4) lib/action_dispatch/middleware/executor.rb:12:in `call'
actionpack (5.1.4) lib/action_dispatch/middleware/static.rb:125:in `call'
rack (2.0.3) lib/rack/sendfile.rb:111:in `call'
railties (5.1.4) lib/rails/engine.rb:522:in `call'
puma (3.11.0) lib/puma/configuration.rb:225:in `call'
puma (3.11.0) lib/puma/server.rb:624:in `handle_request'
puma (3.11.0) lib/puma/server.rb:438:in `process_client'
puma (3.11.0) lib/puma/server.rb:302:in `block in run'
puma (3.11.0) lib/puma/thread_pool.rb:120:in `block in spawn_thread'
Started GET "/" for 127.0.0.1 at 2018-02-14 14:42:48 +0100
Processing by HomeController#index as HTML
  Rendering home/index.html.erb within layouts/application
  Rendered home/index.html.erb within layouts/application (54.8ms)
  Rendered layouts/_navigation.html.erb (1.0ms)
  Rendered layouts/_footer.html.erb (1.0ms)
Completed 200 OK in 207ms (Views: 203.4ms)


Started GET "/" for 127.0.0.1 at 2018-02-14 15:02:53 +0100
Processing by HomeController#index as HTML
  Rendering home/index.html.erb within layouts/application
  Rendered home/index.html.erb within layouts/application (150.0ms)
  Rendered layouts/_navigation.html.erb (0.6ms)
  Rendered layouts/_footer.html.erb (1.5ms)
Completed 200 OK in 321ms (Views: 311.1ms)


Started GET "/" for 127.0.0.1 at 2018-02-14 15:03:42 +0100
Processing by HomeController#index as HTML
  Rendering home/index.html.erb within layouts/application
  Rendered home/index.html.erb within layouts/application (25.5ms)
  Rendered layouts/_navigation.html.erb (0.6ms)
  Rendered layouts/_footer.html.erb (0.5ms)
Completed 200 OK in 131ms (Views: 127.9ms)


Started GET "/" for 127.0.0.1 at 2018-02-14 15:07:15 +0100
Processing by HomeController#index as HTML
  Rendering home/index.html.erb within layouts/application
  Rendered home/index.html.erb within layouts/application (27.1ms)
  Rendered layouts/_navigation.html.erb (0.4ms)
  Rendered layouts/_footer.html.erb (0.7ms)
Completed 200 OK in 134ms (Views: 130.2ms)


